<?xml version="1.0" encoding="UTF-8"?>
<testsuite xmlns:xsi="http://www.w3.org/2001/XMLSchema-instance" xsi:noNamespaceSchemaLocation="https://maven.apache.org/surefire/maven-surefire-plugin/xsd/surefire-test-report-3.0.xsd" version="3.0" name="com.aws.glue.connector.sharepoint.parser.CsvFileParserTest" time="0.448" tests="9" errors="0" skipped="0" failures="0">
  <properties>
[...]
</properties>
  <testcase name="inferSchema_WithValidCsvHeaders_ShouldReturnCorrectSchema" classname="com.aws.glue.connector.sharepoint.parser.CsvFileParserTest" time="0.419">
    <system-out><![CDATA[23:11:26.384 [main] DEBUG com.aws.glue.connector.sharepoint.parser.CsvFileParser - Inferred CSV schema with 3 columns
]]></system-out>
  </testcase>
  <testcase name="parseFile_WithValidCsvData_ShouldReturnCorrectRows" classname="com.aws.glue.connector.sharepoint.parser.CsvFileParserTest" time="0.005">
    <system-out><![CDATA[23:11:26.392 [main] DEBUG com.aws.glue.connector.sharepoint.parser.CsvFileParser - Inferred CSV schema with 3 columns
23:11:26.395 [main] WARN  com.aws.glue.connector.sharepoint.parser.CsvFileParser - UTF8String initialization failed, using String fallback for testing
23:11:26.395 [main] WARN  com.aws.glue.connector.sharepoint.parser.CsvFileParser - UTF8String initialization failed, using String fallback for testing
23:11:26.395 [main] WARN  com.aws.glue.connector.sharepoint.parser.CsvFileParser - UTF8String initialization failed, using String fallback for testing
23:11:26.395 [main] WARN  com.aws.glue.connector.sharepoint.parser.CsvFileParser - UTF8String initialization failed, using String fallback for testing
23:11:26.395 [main] WARN  com.aws.glue.connector.sharepoint.parser.CsvFileParser - UTF8String initialization failed, using String fallback for testing
23:11:26.395 [main] WARN  com.aws.glue.connector.sharepoint.parser.CsvFileParser - UTF8String initialization failed, using String fallback for testing
23:11:26.395 [main] INFO  com.aws.glue.connector.sharepoint.parser.CsvFileParser - Successfully parsed 2 rows from CSV file
]]></system-out>
  </testcase>
  <testcase name="supports_WithExcelExtension_ShouldReturnFalse" classname="com.aws.glue.connector.sharepoint.parser.CsvFileParserTest" time="0.002"/>
  <testcase name="supports_WithCsvExtension_ShouldReturnTrue" classname="com.aws.glue.connector.sharepoint.parser.CsvFileParserTest" time="0.001"/>
  <testcase name="inferSchema_WithHeadersOnly_ShouldReturnCorrectSchema" classname="com.aws.glue.connector.sharepoint.parser.CsvFileParserTest" time="0.001">
    <system-out><![CDATA[23:11:26.401 [main] DEBUG com.aws.glue.connector.sharepoint.parser.CsvFileParser - Inferred CSV schema with 3 columns
]]></system-out>
  </testcase>
  <testcase name="parseFile_WithQuotedValues_ShouldParseCorrectly" classname="com.aws.glue.connector.sharepoint.parser.CsvFileParserTest" time="0.001">
    <system-out><![CDATA[23:11:26.402 [main] DEBUG com.aws.glue.connector.sharepoint.parser.CsvFileParser - Inferred CSV schema with 2 columns
23:11:26.403 [main] WARN  com.aws.glue.connector.sharepoint.parser.CsvFileParser - UTF8String initialization failed, using String fallback for testing
23:11:26.403 [main] WARN  com.aws.glue.connector.sharepoint.parser.CsvFileParser - UTF8String initialization failed, using String fallback for testing
23:11:26.403 [main] WARN  com.aws.glue.connector.sharepoint.parser.CsvFileParser - UTF8String initialization failed, using String fallback for testing
23:11:26.403 [main] WARN  com.aws.glue.connector.sharepoint.parser.CsvFileParser - UTF8String initialization failed, using String fallback for testing
23:11:26.403 [main] INFO  com.aws.glue.connector.sharepoint.parser.CsvFileParser - Successfully parsed 2 rows from CSV file
]]></system-out>
  </testcase>
  <testcase name="supports_WithOtherExtension_ShouldReturnFalse" classname="com.aws.glue.connector.sharepoint.parser.CsvFileParserTest" time="0.001"/>
  <testcase name="parseFile_WithMissingValues_ShouldHandleGracefully" classname="com.aws.glue.connector.sharepoint.parser.CsvFileParserTest" time="0.003">
    <system-out><![CDATA[23:11:26.406 [main] DEBUG com.aws.glue.connector.sharepoint.parser.CsvFileParser - Inferred CSV schema with 3 columns
23:11:26.407 [main] WARN  com.aws.glue.connector.sharepoint.parser.CsvFileParser - UTF8String initialization failed, using String fallback for testing
23:11:26.407 [main] WARN  com.aws.glue.connector.sharepoint.parser.CsvFileParser - UTF8String initialization failed, using String fallback for testing
23:11:26.407 [main] WARN  com.aws.glue.connector.sharepoint.parser.CsvFileParser - UTF8String initialization failed, using String fallback for testing
23:11:26.407 [main] WARN  com.aws.glue.connector.sharepoint.parser.CsvFileParser - UTF8String initialization failed, using String fallback for testing
23:11:26.407 [main] WARN  com.aws.glue.connector.sharepoint.parser.CsvFileParser - UTF8String initialization failed, using String fallback for testing
23:11:26.407 [main] WARN  com.aws.glue.connector.sharepoint.parser.CsvFileParser - UTF8String initialization failed, using String fallback for testing
23:11:26.407 [main] INFO  com.aws.glue.connector.sharepoint.parser.CsvFileParser - Successfully parsed 2 rows from CSV file
]]></system-out>
  </testcase>
  <testcase name="inferSchema_WithEmptyFile_ShouldThrowException" classname="com.aws.glue.connector.sharepoint.parser.CsvFileParserTest" time="0.002"/>
</testsuite>